<?xml version="1.0" encoding="UTF-8" ?>
<testsuite failures="0" time="2.944" errors="0" skipped="0" tests="10" name="net.engio.common.VServerCrudTest">
  <properties>
    <property name="java.runtime.name" value="Java(TM) SE Runtime Environment"/>
    <property name="sun.boot.library.path" value="/usr/lib/jvm/jdk1.6.0_38/jre/lib/amd64"/>
    <property name="java.vm.version" value="20.13-b02"/>
    <property name="java.vm.vendor" value="Sun Microsystems Inc."/>
    <property name="java.vendor.url" value="http://java.sun.com/"/>
    <property name="path.separator" value=":"/>
    <property name="java.vm.name" value="Java HotSpot(TM) 64-Bit Server VM"/>
    <property name="file.encoding.pkg" value="sun.io"/>
    <property name="user.country" value="US"/>
    <property name="sun.java.launcher" value="SUN_STANDARD"/>
    <property name="sun.os.patch.level" value="unknown"/>
    <property name="java.vm.specification.name" value="Java Virtual Machine Specification"/>
    <property name="user.dir" value="/home/benjamin/Development/workspaces/persistence"/>
    <property name="java.runtime.version" value="1.6.0_38-b05"/>
    <property name="java.awt.graphicsenv" value="sun.awt.X11GraphicsEnvironment"/>
    <property name="java.endorsed.dirs" value="/usr/lib/jvm/jdk1.6.0_38/jre/lib/endorsed"/>
    <property name="os.arch" value="amd64"/>
    <property name="java.io.tmpdir" value="/tmp"/>
    <property name="line.separator" value="
"/>
    <property name="java.vm.specification.vendor" value="Sun Microsystems Inc."/>
    <property name="os.name" value="Linux"/>
    <property name="classworlds.conf" value="/usr/share/maven2/bin/m2.conf"/>
    <property name="sun.jnu.encoding" value="UTF-8"/>
    <property name="java.library.path" value="/usr/lib/jvm/jdk1.6.0_38/jre/lib/amd64/server:/usr/lib/jvm/jdk1.6.0_38/jre/lib/amd64:/usr/lib/jvm/jdk1.6.0_38/jre/../lib/amd64:/usr/java/packages/lib/amd64:/usr/lib64:/lib64:/lib:/usr/lib"/>
    <property name="java.specification.name" value="Java Platform API Specification"/>
    <property name="java.class.version" value="50.0"/>
    <property name="sun.management.compiler" value="HotSpot 64-Bit Tiered Compilers"/>
    <property name="os.version" value="3.5.0-17-generic"/>
    <property name="user.home" value="/home/benjamin"/>
    <property name="user.timezone" value="Europe/Berlin"/>
    <property name="java.awt.printerjob" value="sun.print.PSPrinterJob"/>
    <property name="file.encoding" value="UTF-8"/>
    <property name="java.specification.version" value="1.6"/>
    <property name="user.name" value="benjamin"/>
    <property name="java.class.path" value="/usr/share/maven2/boot/classworlds.jar"/>
    <property name="java.vm.specification.version" value="1.0"/>
    <property name="sun.arch.data.model" value="64"/>
    <property name="java.home" value="/usr/lib/jvm/jdk1.6.0_38/jre"/>
    <property name="sun.java.command" value="org.codehaus.classworlds.Launcher &quot;clean&quot; &quot;package&quot;"/>
    <property name="java.specification.vendor" value="Sun Microsystems Inc."/>
    <property name="user.language" value="en"/>
    <property name="java.vm.info" value="mixed mode"/>
    <property name="java.version" value="1.6.0_38"/>
    <property name="java.ext.dirs" value="/usr/lib/jvm/jdk1.6.0_38/jre/lib/ext:/usr/java/packages/lib/ext"/>
    <property name="securerandom.source" value="file:/dev/./urandom"/>
    <property name="sun.boot.class.path" value="/usr/lib/jvm/jdk1.6.0_38/jre/lib/resources.jar:/usr/lib/jvm/jdk1.6.0_38/jre/lib/rt.jar:/usr/lib/jvm/jdk1.6.0_38/jre/lib/sunrsasign.jar:/usr/lib/jvm/jdk1.6.0_38/jre/lib/jsse.jar:/usr/lib/jvm/jdk1.6.0_38/jre/lib/jce.jar:/usr/lib/jvm/jdk1.6.0_38/jre/lib/charsets.jar:/usr/lib/jvm/jdk1.6.0_38/jre/lib/modules/jdk.boot.jar:/usr/lib/jvm/jdk1.6.0_38/jre/classes"/>
    <property name="java.vendor" value="Sun Microsystems Inc."/>
    <property name="maven.home" value="/usr/share/maven2"/>
    <property name="file.separator" value="/"/>
    <property name="java.vendor.url.bug" value="http://java.sun.com/cgi-bin/bugreport.cgi"/>
    <property name="sun.cpu.endian" value="little"/>
    <property name="sun.io.unicode.encoding" value="UnicodeLittle"/>
    <property name="sun.desktop" value="gnome"/>
    <property name="sun.cpu.isalist" value=""/>
  </properties>
  <testcase time="2.637" classname="net.engio.common.VServerCrudTest" name="ApiSampleShowCase"/>
  <testcase time="0.021" classname="net.engio.common.VServerCrudTest" name="count"/>
  <testcase time="0.026" classname="net.engio.common.VServerCrudTest" name="persistAll"/>
  <testcase time="0.013" classname="net.engio.common.VServerCrudTest" name="findById"/>
  <testcase time="0.022" classname="net.engio.common.VServerCrudTest" name="findAll"/>
  <testcase time="0.011" classname="net.engio.common.VServerCrudTest" name="singlePersist"/>
  <testcase time="0.009" classname="net.engio.common.VServerCrudTest" name="singleDelete"/>
  <testcase time="0.02" classname="net.engio.common.VServerCrudTest" name="deleteAll"/>
  <testcase time="0.02" classname="net.engio.common.VServerCrudTest" name="testPersistSemantics"/>
  <testcase time="0.011" classname="net.engio.common.VServerCrudTest" name="testIsManaged"/>
</testsuite>